<?xml version="1.0" encoding="UTF-8"?>
<testsuite xmlns:xsi="http://www.w3.org/2001/XMLSchema-instance" xsi:noNamespaceSchemaLocation="https://maven.apache.org/surefire/maven-surefire-plugin/xsd/surefire-test-report-3.0.xsd" version="3.0" name="com.medHeadReservation.api.ApiApplicationTests" time="4.171" tests="1" errors="0" skipped="0" failures="0">
  <properties>
[...]
</properties>
  <testcase name="contextLoads" classname="com.medHeadReservation.api.ApiApplicationTests" time="0.011">
    <system-out><![CDATA[21:50:45.432 [main] INFO org.springframework.test.context.support.AnnotationConfigContextLoaderUtils -- Could not detect default configuration classes for test class [com.medHeadReservation.api.ApiApplicationTests]: ApiApplicationTests does not declare any static, non-private, non-final, nested classes annotated with @Configuration.
21:50:45.518 [main] INFO org.springframework.boot.test.context.SpringBootTestContextBootstrapper -- Found @SpringBootConfiguration com.medHeadReservation.api.ApiApplication for test class com.medHeadReservation.api.ApiApplicationTests

  .   ____          _            __ _ _
 /\\ / ___'_ __ _ _(_)_ __  __ _ \ \ \ \
( ( )\___ | '_ | '_| | '_ \/ _` | \ \ \ \
 \\/  ___)| |_)| | | | | || (_| |  ) ) ) )
  '  |____| .__|_| |_|_| |_\__, | / / / /
 =========|_|==============|___/=/_/_/_/
 :: Spring Boot ::                (v3.2.2)

2024-02-29T21:50:45.783+01:00  INFO 15236 --- [api] [           main] c.m.api.ApiApplicationTests              : Starting ApiApplicationTests using Java 19.0.1 with PID 15236 (started by henrickagname in /Users/henrickagname/openclassroom/p11/apiReservation)
2024-02-29T21:50:45.784+01:00  INFO 15236 --- [api] [           main] c.m.api.ApiApplicationTests              : No active profile set, falling back to 1 default profile: "default"
2024-02-29T21:50:46.281+01:00  INFO 15236 --- [api] [           main] .s.d.r.c.RepositoryConfigurationDelegate : Bootstrapping Spring Data JPA repositories in DEFAULT mode.
2024-02-29T21:50:46.342+01:00  INFO 15236 --- [api] [           main] .s.d.r.c.RepositoryConfigurationDelegate : Finished Spring Data repository scanning in 52 ms. Found 2 JPA repository interfaces.
2024-02-29T21:50:46.773+01:00  INFO 15236 --- [api] [           main] com.zaxxer.hikari.HikariDataSource       : HikariPool-1 - Starting...
2024-02-29T21:50:47.147+01:00  INFO 15236 --- [api] [           main] com.zaxxer.hikari.pool.HikariPool        : HikariPool-1 - Added connection com.mysql.cj.jdbc.ConnectionImpl@24731caf
2024-02-29T21:50:47.149+01:00  INFO 15236 --- [api] [           main] com.zaxxer.hikari.HikariDataSource       : HikariPool-1 - Start completed.
2024-02-29T21:50:47.191+01:00  INFO 15236 --- [api] [           main] o.hibernate.jpa.internal.util.LogHelper  : HHH000204: Processing PersistenceUnitInfo [name: default]
2024-02-29T21:50:47.243+01:00  INFO 15236 --- [api] [           main] org.hibernate.Version                    : HHH000412: Hibernate ORM core version 6.4.1.Final
2024-02-29T21:50:47.279+01:00  INFO 15236 --- [api] [           main] o.h.c.internal.RegionFactoryInitiator    : HHH000026: Second-level cache disabled
2024-02-29T21:50:47.412+01:00  INFO 15236 --- [api] [           main] o.s.o.j.p.SpringPersistenceUnitInfo      : No LoadTimeWeaver setup: ignoring JPA class transformer
2024-02-29T21:50:47.564+01:00  WARN 15236 --- [api] [           main] org.hibernate.orm.deprecation            : HHH90000025: MySQLDialect does not need to be specified explicitly using 'hibernate.dialect' (remove the property setting and it will be selected by default)
2024-02-29T21:50:48.515+01:00  INFO 15236 --- [api] [           main] o.h.e.t.j.p.i.JtaPlatformInitiator       : HHH000489: No JTA platform available (set 'hibernate.transaction.jta.platform' to enable JTA platform integration)
2024-02-29T21:50:48.519+01:00  INFO 15236 --- [api] [           main] j.LocalContainerEntityManagerFactoryBean : Initialized JPA EntityManagerFactory for persistence unit 'default'
2024-02-29T21:50:48.993+01:00  WARN 15236 --- [api] [           main] JpaBaseConfiguration$JpaWebConfiguration : spring.jpa.open-in-view is enabled by default. Therefore, database queries may be performed during view rendering. Explicitly configure spring.jpa.open-in-view to disable this warning
2024-02-29T21:50:49.273+01:00  INFO 15236 --- [api] [           main] o.s.s.web.DefaultSecurityFilterChain     : Will secure any request with [org.springframework.security.web.session.DisableEncodeUrlFilter@36e8fefe, org.springframework.security.web.context.request.async.WebAsyncManagerIntegrationFilter@5e8633da, org.springframework.security.web.context.SecurityContextHolderFilter@5f6dd89c, org.springframework.security.web.header.HeaderWriterFilter@33e19be9, org.springframework.web.filter.CorsFilter@70c3c5d7, org.springframework.security.web.csrf.CsrfFilter@1a370c7c, org.springframework.security.web.authentication.logout.LogoutFilter@6bafe3b0, org.springframework.security.web.authentication.UsernamePasswordAuthenticationFilter@42c3b02e, org.springframework.security.web.authentication.ui.DefaultLoginPageGeneratingFilter@7dcc6679, org.springframework.security.web.authentication.ui.DefaultLogoutPageGeneratingFilter@236e6563, org.springframework.security.web.authentication.www.BasicAuthenticationFilter@6019ce4b, org.springframework.security.web.savedrequest.RequestCacheAwareFilter@1b914e36, org.springframework.security.web.servletapi.SecurityContextHolderAwareRequestFilter@29f3ea39, org.springframework.security.web.authentication.AnonymousAuthenticationFilter@528070fe, org.springframework.security.web.access.ExceptionTranslationFilter@57dd4bc9, org.springframework.security.web.access.intercept.AuthorizationFilter@267a0b6a]
2024-02-29T21:50:49.542+01:00  INFO 15236 --- [api] [           main] c.m.api.ApiApplicationTests              : Started ApiApplicationTests in 3.952 seconds (process running for 6.608)
]]></system-out>
  </testcase>
</testsuite>