<?xml version="1.0" encoding="UTF-8"?>
<testsuite xmlns:xsi="http://www.w3.org/2001/XMLSchema-instance" xsi:noNamespaceSchemaLocation="https://maven.apache.org/surefire/maven-surefire-plugin/xsd/surefire-test-report-3.0.xsd" version="3.0" name="com.medhead.api.ApiApplicationTests" time="2.947" tests="1" errors="0" skipped="0" failures="0">
  <properties>
[...]
</properties>
  <testcase name="contextLoads" classname="com.medhead.api.ApiApplicationTests" time="0.005">
    <system-out><![CDATA[2024-02-29T20:17:01.568+01:00  INFO 11936 --- [api] [           main] t.c.s.AnnotationConfigContextLoaderUtils : Could not detect default configuration classes for test class [com.medhead.api.ApiApplicationTests]: ApiApplicationTests does not declare any static, non-private, non-final, nested classes annotated with @Configuration.
2024-02-29T20:17:01.580+01:00  INFO 11936 --- [api] [           main] .b.t.c.SpringBootTestContextBootstrapper : Found @SpringBootConfiguration com.medhead.api.ApiApplication for test class com.medhead.api.ApiApplicationTests

  .   ____          _            __ _ _
 /\\ / ___'_ __ _ _(_)_ __  __ _ \ \ \ \
( ( )\___ | '_ | '_| | '_ \/ _` | \ \ \ \
 \\/  ___)| |_)| | | | | || (_| |  ) ) ) )
  '  |____| .__|_| |_|_| |_\__, | / / / /
 =========|_|==============|___/=/_/_/_/
 :: Spring Boot ::                (v3.2.2)

2024-02-29T20:17:01.628+01:00  INFO 11936 --- [api] [           main] com.medhead.api.ApiApplicationTests      : Starting ApiApplicationTests using Java 19.0.1 with PID 11936 (started by henrickagname in /Users/henrickagname/openclassroom/p11/api)
2024-02-29T20:17:01.629+01:00  INFO 11936 --- [api] [           main] com.medhead.api.ApiApplicationTests      : No active profile set, falling back to 1 default profile: "default"
2024-02-29T20:17:01.944+01:00  INFO 11936 --- [api] [           main] .s.d.r.c.RepositoryConfigurationDelegate : Bootstrapping Spring Data JPA repositories in DEFAULT mode.
2024-02-29T20:17:01.988+01:00  INFO 11936 --- [api] [           main] .s.d.r.c.RepositoryConfigurationDelegate : Finished Spring Data repository scanning in 37 ms. Found 2 JPA repository interfaces.
2024-02-29T20:17:02.299+01:00  INFO 11936 --- [api] [           main] com.zaxxer.hikari.HikariDataSource       : HikariPool-1 - Starting...
2024-02-29T20:17:02.656+01:00  INFO 11936 --- [api] [           main] com.zaxxer.hikari.pool.HikariPool        : HikariPool-1 - Added connection com.mysql.cj.jdbc.ConnectionImpl@29ae2517
2024-02-29T20:17:02.657+01:00  INFO 11936 --- [api] [           main] com.zaxxer.hikari.HikariDataSource       : HikariPool-1 - Start completed.
2024-02-29T20:17:02.698+01:00  INFO 11936 --- [api] [           main] o.hibernate.jpa.internal.util.LogHelper  : HHH000204: Processing PersistenceUnitInfo [name: default]
2024-02-29T20:17:02.747+01:00  INFO 11936 --- [api] [           main] org.hibernate.Version                    : HHH000412: Hibernate ORM core version 6.4.1.Final
2024-02-29T20:17:02.784+01:00  INFO 11936 --- [api] [           main] o.h.c.internal.RegionFactoryInitiator    : HHH000026: Second-level cache disabled
2024-02-29T20:17:02.901+01:00  INFO 11936 --- [api] [           main] o.s.o.j.p.SpringPersistenceUnitInfo      : No LoadTimeWeaver setup: ignoring JPA class transformer
2024-02-29T20:17:02.975+01:00  WARN 11936 --- [api] [           main] org.hibernate.orm.deprecation            : HHH90000025: MySQLDialect does not need to be specified explicitly using 'hibernate.dialect' (remove the property setting and it will be selected by default)
2024-02-29T20:17:03.683+01:00  INFO 11936 --- [api] [           main] o.h.e.t.j.p.i.JtaPlatformInitiator       : HHH000489: No JTA platform available (set 'hibernate.transaction.jta.platform' to enable JTA platform integration)
2024-02-29T20:17:03.686+01:00  INFO 11936 --- [api] [           main] j.LocalContainerEntityManagerFactoryBean : Initialized JPA EntityManagerFactory for persistence unit 'default'
2024-02-29T20:17:03.989+01:00  WARN 11936 --- [api] [           main] JpaBaseConfiguration$JpaWebConfiguration : spring.jpa.open-in-view is enabled by default. Therefore, database queries may be performed during view rendering. Explicitly configure spring.jpa.open-in-view to disable this warning
2024-02-29T20:17:04.255+01:00  INFO 11936 --- [api] [           main] o.s.s.web.DefaultSecurityFilterChain     : Will secure any request with [org.springframework.security.web.session.DisableEncodeUrlFilter@4efb7c99, org.springframework.security.web.context.request.async.WebAsyncManagerIntegrationFilter@5563a63f, org.springframework.security.web.context.SecurityContextHolderFilter@12db2921, org.springframework.security.web.header.HeaderWriterFilter@55a7f0af, org.springframework.web.filter.CorsFilter@20a3118, org.springframework.security.web.csrf.CsrfFilter@693676d, org.springframework.security.web.authentication.logout.LogoutFilter@54b3407b, org.springframework.security.web.authentication.www.BasicAuthenticationFilter@85446a, org.springframework.security.web.savedrequest.RequestCacheAwareFilter@f6e9c18, org.springframework.security.web.servletapi.SecurityContextHolderAwareRequestFilter@75225415, org.springframework.security.web.authentication.AnonymousAuthenticationFilter@28068327, org.springframework.security.web.access.ExceptionTranslationFilter@2a0a178f, org.springframework.security.web.access.intercept.AuthorizationFilter@4823f3b8]
2024-02-29T20:17:04.504+01:00  INFO 11936 --- [api] [           main] com.medhead.api.ApiApplicationTests      : Started ApiApplicationTests in 2.917 seconds (process running for 7.028)
]]></system-out>
  </testcase>
</testsuite>